{"timestamp": "2026-05-28T08:59:35.630409Z", "level": "INFO", "logger": "__main__", "message": "API Client 啟動", "module": "main", "function": "__init__", "line": 91, "user_action": "app_start"}
{"timestamp": "2026-05-29T01:25:06.909066Z", "level": "INFO", "logger": "__main__", "message": "API Client 啟動", "module": "main", "function": "__init__", "line": 91, "user_action": "app_start"}
{"timestamp": "2026-05-29T01:25:58.318119Z", "level": "INFO", "logger": "core.http_client", "message": "發送請求 [b94b4e1e-fb7f-4468-917e-9ba838a10d85]: POST http://192.168.204.174/v1/chat-messages", "module": "http_client", "function": "send", "line": 148, "request_id": "b94b4e1e-fb7f-4468-917e-9ba838a10d85", "http_method": "POST", "url": "http://192.168.204.174/v1/chat-messages"}
{"timestamp": "2026-05-29T01:26:31.930270Z", "level": "INFO", "logger": "core.http_client", "message": "請求完成 [b94b4e1e-fb7f-4468-917e-9ba838a10d85]: 200 (33612ms)", "module": "http_client", "function": "send", "line": 168, "request_id": "b94b4e1e-fb7f-4468-917e-9ba838a10d85", "status_code": 200, "response_time_ms": 33612.161099968944}
{"timestamp": "2026-05-29T02:15:00.886297Z", "level": "INFO", "logger": "__main__", "message": "API Client 啟動", "module": "main", "function": "__init__", "line": 91, "user_action": "app_start"}
{"timestamp": "2026-05-29T02:31:10.142604Z", "level": "INFO", "logger": "__main__", "message": "切換環境: Staging", "module": "main", "function": "on_environment_change", "line": 811, "user_action": "environment_change"}
{"timestamp": "2026-05-29T02:33:09.478328Z", "level": "INFO", "logger": "__main__", "message": "切換環境: Staging", "module": "main", "function": "on_environment_change", "line": 811, "user_action": "environment_change"}
{"timestamp": "2026-05-29T02:33:12.874718Z", "level": "INFO", "logger": "__main__", "message": "切換環境: Development", "module": "main", "function": "on_environment_change", "line": 811, "user_action": "environment_change"}
{"timestamp": "2026-05-29T02:33:15.292844Z", "level": "INFO", "logger": "__main__", "message": "切換環境: Staging", "module": "main", "function": "on_environment_change", "line": 811, "user_action": "environment_change"}
{"timestamp": "2026-05-29T02:33:25.400332Z", "level": "INFO", "logger": "core.http_client", "message": "發送請求 [1cfb8657-d907-4a84-824d-d93caeb2bbe7]: GET https://jsonplaceholder.typicode.com/posts/1", "module": "http_client", "function": "send", "line": 148, "request_id": "1cfb8657-d907-4a84-824d-d93caeb2bbe7", "http_method": "GET", "url": "https://jsonplaceholder.typicode.com/posts/1"}
{"timestamp": "2026-05-29T02:33:25.828763Z", "level": "INFO", "logger": "core.http_client", "message": "請求完成 [1cfb8657-d907-4a84-824d-d93caeb2bbe7]: 200 (428ms)", "module": "http_client", "function": "send", "line": 168, "request_id": "1cfb8657-d907-4a84-824d-d93caeb2bbe7", "status_code": 200, "response_time_ms": 428.21720003848895}
{"timestamp": "2026-05-29T02:34:12.677150Z", "level": "INFO", "logger": "__main__", "message": "切換環境: Development", "module": "main", "function": "on_environment_change", "line": 811, "user_action": "environment_change"}
{"timestamp": "2026-05-29T02:34:16.553009Z", "level": "INFO", "logger": "__main__", "message": "切換環境: Production", "module": "main", "function": "on_environment_change", "line": 811, "user_action": "environment_change"}
{"timestamp": "2026-05-29T02:53:15.476749Z", "level": "INFO", "logger": "main", "message": "API Client 啟動", "module": "main", "function": "__init__", "line": 104, "user_action": "app_start"}
{"timestamp": "2026-05-29T02:53:16.334550Z", "level": "INFO", "logger": "main", "message": "切換環境: AutoTestEnv_Smoke", "module": "main", "function": "on_environment_change", "line": 1073, "user_action": "environment_change"}
{"timestamp": "2026-05-29T02:53:16.768309Z", "level": "INFO", "logger": "core.http_client", "message": "發送請求 [2d7fa5e1-b730-45c1-a689-e1825f86203d]: GET https://jsonplaceholder.typicode.com/posts/1", "module": "http_client", "function": "send", "line": 148, "request_id": "2d7fa5e1-b730-45c1-a689-e1825f86203d", "http_method": "GET", "url": "https://jsonplaceholder.typicode.com/posts/1"}
{"timestamp": "2026-05-29T02:53:17.176222Z", "level": "INFO", "logger": "core.http_client", "message": "請求完成 [2d7fa5e1-b730-45c1-a689-e1825f86203d]: 200 (408ms)", "module": "http_client", "function": "send", "line": 168, "request_id": "2d7fa5e1-b730-45c1-a689-e1825f86203d", "status_code": 200, "response_time_ms": 407.57989999838173}
{"timestamp": "2026-05-29T02:53:18.298926Z", "level": "ERROR", "logger": "main", "message": "請求處理失敗: GET /posts/{{postId}}", "module": "main", "function": "run_request", "line": 533, "http_method": "GET", "url": "/posts/{{postId}}", "exception": "Traceback (most recent call last):\n  File \"C:\\Users\\eric.lu\\Desktop\\github\\api_client\\main.py\", line 524, in run_request\n    self.root.after(0, self.update_ui,\n    ~~~~~~~~~~~~~~~^^^^^^^^^^^^^^^^^^^\n                    response.status_code,\n                    ^^^^^^^^^^^^^^^^^^^^^\n    ...<3 lines>...\n                    response.headers,\n                    ^^^^^^^^^^^^^^^^^\n                    response.content_size)\n                    ^^^^^^^^^^^^^^^^^^^^^^\n  File \"C:\\Python313\\Lib\\tkinter\\__init__.py\", line 873, in after\n    name = self._register(callit)\n  File \"C:\\Python313\\Lib\\tkinter\\__init__.py\", line 1698, in _register\n    self.tk.createcommand(name, f)\n    ~~~~~~~~~~~~~~~~~~~~~^^^^^^^^^\nRuntimeError: main thread is not in main loop"}
{"timestamp": "2026-05-29T02:57:13.914226Z", "level": "INFO", "logger": "main", "message": "API Client 啟動", "module": "main", "function": "__init__", "line": 104, "user_action": "app_start"}
{"timestamp": "2026-05-29T02:57:15.393223Z", "level": "INFO", "logger": "main", "message": "切換環境: AutoTestEnv_Smoke", "module": "main", "function": "on_environment_change", "line": 1073, "user_action": "environment_change"}
{"timestamp": "2026-05-29T02:57:15.402602Z", "level": "INFO", "logger": "core.http_client", "message": "發送請求 [fca0cdf9-6742-4e66-8867-3e37ab87f135]: GET https://jsonplaceholder.typicode.com/posts/1", "module": "http_client", "function": "send", "line": 148, "request_id": "fca0cdf9-6742-4e66-8867-3e37ab87f135", "http_method": "GET", "url": "https://jsonplaceholder.typicode.com/posts/1"}
{"timestamp": "2026-05-29T02:57:15.860316Z", "level": "INFO", "logger": "core.http_client", "message": "請求完成 [fca0cdf9-6742-4e66-8867-3e37ab87f135]: 200 (457ms)", "module": "http_client", "function": "send", "line": 168, "request_id": "fca0cdf9-6742-4e66-8867-3e37ab87f135", "status_code": 200, "response_time_ms": 457.4371000053361}
{"timestamp": "2026-05-29T02:58:37.727474Z", "level": "INFO", "logger": "main", "message": "API Client 啟動", "module": "main", "function": "__init__", "line": 104, "user_action": "app_start"}
{"timestamp": "2026-05-29T02:58:39.235687Z", "level": "INFO", "logger": "main", "message": "切換環境: AutoTestEnv_Smoke", "module": "main", "function": "on_environment_change", "line": 1073, "user_action": "environment_change"}
{"timestamp": "2026-05-29T02:58:39.249378Z", "level": "INFO", "logger": "core.http_client", "message": "發送請求 [cebdf3aa-ed45-4314-a73d-073d605b3442]: GET https://jsonplaceholder.typicode.com/posts/1", "module": "http_client", "function": "send", "line": 148, "request_id": "cebdf3aa-ed45-4314-a73d-073d605b3442", "http_method": "GET", "url": "https://jsonplaceholder.typicode.com/posts/1"}
{"timestamp": "2026-05-29T02:58:39.711376Z", "level": "INFO", "logger": "core.http_client", "message": "請求完成 [cebdf3aa-ed45-4314-a73d-073d605b3442]: 200 (462ms)", "module": "http_client", "function": "send", "line": 168, "request_id": "cebdf3aa-ed45-4314-a73d-073d605b3442", "status_code": 200, "response_time_ms": 461.7055999697186}
{"timestamp": "2026-05-29T02:58:39.868961Z", "level": "INFO", "logger": "main", "message": "切換環境: 無", "module": "main", "function": "on_environment_change", "line": 1073, "user_action": "environment_change"}
{"timestamp": "2026-05-29T06:21:49.971449Z", "level": "INFO", "logger": "__main__", "message": "API Client 啟動", "module": "main", "function": "__init__", "line": 104, "user_action": "app_start"}
{"timestamp": "2026-05-29T06:22:01.417940Z", "level": "INFO", "logger": "__main__", "message": "切換環境: Development", "module": "main", "function": "on_environment_change", "line": 1073, "user_action": "environment_change"}
{"timestamp": "2026-05-29T06:22:10.216394Z", "level": "INFO", "logger": "__main__", "message": "切換環境: Staging", "module": "main", "function": "on_environment_change", "line": 1073, "user_action": "environment_change"}
{"timestamp": "2026-05-29T06:22:15.090103Z", "level": "INFO", "logger": "__main__", "message": "切換環境: Production", "module": "main", "function": "on_environment_change", "line": 1073, "user_action": "environment_change"}
{"timestamp": "2026-05-29T06:22:37.231000Z", "level": "INFO", "logger": "__main__", "message": "切換環境: 無", "module": "main", "function": "on_environment_change", "line": 1073, "user_action": "environment_change"}
{"timestamp": "2026-05-29T06:34:17.873472Z", "level": "INFO", "logger": "core.http_client", "message": "發送請求 [c51e82ba-2310-4544-a2a6-3be9a385b7d2]: GET https://jsonplaceholder.typicode.com/posts/1", "module": "http_client", "function": "send", "line": 148, "request_id": "c51e82ba-2310-4544-a2a6-3be9a385b7d2", "http_method": "GET", "url": "https://jsonplaceholder.typicode.com/posts/1"}
{"timestamp": "2026-05-29T06:34:18.338515Z", "level": "INFO", "logger": "core.http_client", "message": "請求完成 [c51e82ba-2310-4544-a2a6-3be9a385b7d2]: 200 (465ms)", "module": "http_client", "function": "send", "line": 168, "request_id": "c51e82ba-2310-4544-a2a6-3be9a385b7d2", "status_code": 200, "response_time_ms": 464.8554000305012}
{"timestamp": "2026-05-29T09:37:10.130136Z", "level": "INFO", "logger": "__main__", "message": "API Client 啟動", "module": "main", "function": "__init__", "line": 104, "user_action": "app_start"}
{"timestamp": "2026-06-01T07:08:34.476739Z", "level": "INFO", "logger": "__main__", "message": "API Client 啟動", "module": "main", "function": "__init__", "line": 87, "user_action": "app_start"}
{"timestamp": "2026-06-01T07:18:07.093909Z", "level": "INFO", "logger": "__main__", "message": "API Client 啟動", "module": "main", "function": "__init__", "line": 89, "user_action": "app_start"}
{"timestamp": "2026-06-01T07:18:10.258500Z", "level": "INFO", "logger": "core.http_client", "message": "發送請求 [f9abd363-0e85-45fe-8e43-dde645c5d935]: GET https://jsonplaceholder.typicode.com/posts/1", "module": "http_client", "function": "send", "line": 148, "request_id": "f9abd363-0e85-45fe-8e43-dde645c5d935", "http_method": "GET", "url": "https://jsonplaceholder.typicode.com/posts/1"}
{"timestamp": "2026-06-01T07:18:10.718339Z", "level": "INFO", "logger": "core.http_client", "message": "請求完成 [f9abd363-0e85-45fe-8e43-dde645c5d935]: 200 (459ms)", "module": "http_client", "function": "send", "line": 168, "request_id": "f9abd363-0e85-45fe-8e43-dde645c5d935", "status_code": 200, "response_time_ms": 459.35690000078466}
